<?xml version="1.0" encoding="UTF-8"?>
<robot generator="Robot 7.0 (Python 3.11.8 on win32)" generated="2024-05-23T21:04:05.472119" rpa="false" schemaversion="5">
<suite id="s1" name="TC 004 RunKeyword" source="c:\Users\a315707\OneDrive - Deutsche Telekom AG\Schulungen\Programmierung\Python\PythonLearning\06_Writing_Code\TC_004_RunKeyword.robot">
<test id="s1-t1" name="TC_002 RunKeywordIf" line="12">
<kw name="Set Variable" owner="BuiltIn">
<msg time="2024-05-23T21:04:05.746184" level="INFO">${Var} = NO</msg>
<var>${Var}</var>
<arg>NO</arg>
<doc>Returns the given values which can then be assigned to a variables.</doc>
<status status="PASS" start="2024-05-23T21:04:05.746184" elapsed="0.002270"/>
</kw>
<kw name="Run Keyword If" owner="BuiltIn">
<arg>'${Var}'=='YES'</arg>
<arg>Log To Console</arg>
<arg>Value Found</arg>
<doc>Runs the given keyword with the given arguments, if ``condition`` is true.</doc>
<status status="PASS" start="2024-05-23T21:04:05.748454" elapsed="0.001021"/>
</kw>
<kw name="Run Keyword If" owner="BuiltIn">
<kw name="Log To Console" owner="BuiltIn">
<arg>Value Not Found</arg>
<doc>Logs the given message to the console.</doc>
<status status="PASS" start="2024-05-23T21:04:05.749475" elapsed="0.000000"/>
</kw>
<arg>'${Var}'=='NO'</arg>
<arg>Log To Console</arg>
<arg>Value Not Found</arg>
<doc>Runs the given keyword with the given arguments, if ``condition`` is true.</doc>
<status status="PASS" start="2024-05-23T21:04:05.749475" elapsed="0.000000"/>
</kw>
<status status="PASS" start="2024-05-23T21:04:05.745172" elapsed="0.005631"/>
</test>
<status status="PASS" start="2024-05-23T21:04:05.477118" elapsed="0.274194"/>
</suite>
<statistics>
<total>
<stat pass="1" fail="0" skip="0">All Tests</stat>
</total>
<tag>
</tag>
<suite>
<stat pass="1" fail="0" skip="0" id="s1" name="TC 004 RunKeyword">TC 004 RunKeyword</stat>
</suite>
</statistics>
<errors>
</errors>
</robot>
