<?xml version="1.0" encoding="UTF-8"?>
<robot generator="Robot 6.1.1 (Python 3.12.1 on win32)" generated="20240805 22:21:19.078" rpa="false" schemaversion="4">
<suite id="s1" name="12 DetailsWithKeyword" source="D:\OneDrive\Python\PythonLearning\12_DetailsWithKeyword">
<kw name="Before Each Test Suite" type="SETUP">
<kw name="Log" library="BuiltIn">
<arg>Test Suite Started</arg>
<doc>Logs the given message with the given level.</doc>
<msg timestamp="20240805 22:21:19.192" level="INFO">Test Suite Started</msg>
<status status="PASS" starttime="20240805 22:21:19.191" endtime="20240805 22:21:19.193"/>
</kw>
<status status="PASS" starttime="20240805 22:21:19.190" endtime="20240805 22:21:19.193"/>
</kw>
<suite id="s1-s1" name="12 01 Documentation" source="D:\OneDrive\Python\PythonLearning\12_DetailsWithKeyword\12_01_Documentation.robot">
<test id="s1-s1-t1" name="Keyword Test Case" line="11">
<kw name="Start Browser and Maximize" library="Resources3">
<var>${Res}</var>
<arg>${URL}</arg>
<arg>${Browser}</arg>
<doc>This Documentation is to open a browser and maximize the browser window</doc>
<kw name="Open Browser" library="SeleniumLibrary">
<arg>${UserURL}</arg>
<arg>${InputBrowser}</arg>
<doc>Opens a new browser instance to the optional ``url``.</doc>
<msg timestamp="20240805 22:21:20.955" level="INFO">Opening browser 'Firefox' to base url 'http://www.thetestingworld.com/testings'.</msg>
<status status="PASS" starttime="20240805 22:21:20.895" endtime="20240805 22:21:46.382"/>
</kw>
<kw name="Maximize Browser Window" library="SeleniumLibrary">
<doc>Maximizes current browser window.</doc>
<status status="PASS" starttime="20240805 22:21:46.383" endtime="20240805 22:21:46.892"/>
</kw>
<kw name="Get Title" library="SeleniumLibrary">
<var>${Title}</var>
<doc>Returns the title of the current page.</doc>
<msg timestamp="20240805 22:21:46.993" level="INFO">${Title} = Login &amp; Sign Up Forms</msg>
<status status="PASS" starttime="20240805 22:21:46.892" endtime="20240805 22:21:46.993"/>
</kw>
<msg timestamp="20240805 22:21:46.994" level="INFO">${Res} = Login &amp; Sign Up Forms</msg>
<timeout value="50 seconds"/>
<status status="PASS" starttime="20240805 22:21:20.894" endtime="20240805 22:21:46.994"/>
</kw>
<kw name="Log" library="BuiltIn">
<arg>${Res}</arg>
<doc>Logs the given message with the given level.</doc>
<msg timestamp="20240805 22:21:47.187" level="INFO">Login &amp; Sign Up Forms</msg>
<status status="PASS" starttime="20240805 22:21:47.186" endtime="20240805 22:21:47.187"/>
</kw>
<kw name="Input Text" library="SeleniumLibrary">
<arg>name:fld_username</arg>
<arg>${Res}</arg>
<doc>Types the given ``text`` into the text field identified by ``locator``.</doc>
<msg timestamp="20240805 22:21:47.346" level="INFO">Typing text 'Login &amp; Sign Up Forms' into text field 'name:fld_username'.</msg>
<status status="PASS" starttime="20240805 22:21:47.343" endtime="20240805 22:21:48.614"/>
</kw>
<doc>This test case is to check registration functionality of application</doc>
<status status="PASS" starttime="20240805 22:21:20.875" endtime="20240805 22:21:49.039"/>
</test>
<doc>This file tests abc functionality</doc>
<status status="PASS" starttime="20240805 22:21:19.193" endtime="20240805 22:21:49.678"/>
</suite>
<suite id="s1-s2" name="12 02 Timeout" source="D:\OneDrive\Python\PythonLearning\12_DetailsWithKeyword\12_02_Timeout.robot">
<test id="s1-s2-t1" name="Keyword Test Case" line="12">
<kw name="Start Browser and Maximize" library="Resources3">
<var>${Res}</var>
<arg>${URL}</arg>
<arg>${Browser}</arg>
<doc>This Documentation is to open a browser and maximize the browser window</doc>
<kw name="Open Browser" library="SeleniumLibrary">
<arg>${UserURL}</arg>
<arg>${InputBrowser}</arg>
<doc>Opens a new browser instance to the optional ``url``.</doc>
<msg timestamp="20240805 22:21:50.170" level="INFO">Opening browser 'Firefox' to base url 'http://www.thetestingworld.com/testings'.</msg>
<status status="PASS" starttime="20240805 22:21:50.039" endtime="20240805 22:22:21.509"/>
</kw>
<kw name="Maximize Browser Window" library="SeleniumLibrary">
<doc>Maximizes current browser window.</doc>
<status status="PASS" starttime="20240805 22:22:21.509" endtime="20240805 22:22:22.800"/>
</kw>
<kw name="Get Title" library="SeleniumLibrary">
<var>${Title}</var>
<doc>Returns the title of the current page.</doc>
<msg timestamp="20240805 22:22:22.843" level="INFO">${Title} = Login &amp; Sign Up Forms</msg>
<status status="PASS" starttime="20240805 22:22:22.800" endtime="20240805 22:22:22.843"/>
</kw>
<msg timestamp="20240805 22:22:22.844" level="INFO">${Res} = Login &amp; Sign Up Forms</msg>
<timeout value="50 seconds"/>
<status status="PASS" starttime="20240805 22:21:50.035" endtime="20240805 22:22:22.844"/>
</kw>
<kw name="Log" library="BuiltIn">
<arg>${Res}</arg>
<doc>Logs the given message with the given level.</doc>
<msg timestamp="20240805 22:22:23.002" level="INFO">Login &amp; Sign Up Forms</msg>
<status status="PASS" starttime="20240805 22:22:22.923" endtime="20240805 22:22:23.002"/>
</kw>
<kw name="Input Text" library="SeleniumLibrary">
<arg>name:fld_username</arg>
<arg>${Res}</arg>
<doc>Types the given ``text`` into the text field identified by ``locator``.</doc>
<msg timestamp="20240805 22:22:23.065" level="INFO">Typing text 'Login &amp; Sign Up Forms' into text field 'name:fld_username'.</msg>
<status status="PASS" starttime="20240805 22:22:23.029" endtime="20240805 22:22:24.635"/>
</kw>
<doc>This test case is to check registration functionality of application</doc>
<timeout value="50 seconds"/>
<status status="PASS" starttime="20240805 22:21:50.024" endtime="20240805 22:22:24.964"/>
</test>
<doc>This file tests abc functionality</doc>
<status status="PASS" starttime="20240805 22:21:49.961" endtime="20240805 22:22:25.677"/>
</suite>
<suite id="s1-s3" name="12 03 SetupTeardown" source="D:\OneDrive\Python\PythonLearning\12_DetailsWithKeyword\12_03_SetupTeardown.robot">
<test id="s1-s3-t1" name="Setup Test Case" line="14">
<kw name="Start Browser and Maximize" library="Resources4" type="SETUP">
<kw name="Open Browser" library="SeleniumLibrary">
<arg>http://www.thetestingworld.com/testings</arg>
<arg>Firefox</arg>
<doc>Opens a new browser instance to the optional ``url``.</doc>
<msg timestamp="20240805 22:22:26.084" level="INFO">Opening browser 'Firefox' to base url 'http://www.thetestingworld.com/testings'.</msg>
<status status="PASS" starttime="20240805 22:22:26.082" endtime="20240805 22:23:44.970"/>
</kw>
<kw name="Maximize Browser Window" library="SeleniumLibrary">
<doc>Maximizes current browser window.</doc>
<status status="PASS" starttime="20240805 22:23:44.972" endtime="20240805 22:23:46.455"/>
</kw>
<status status="PASS" starttime="20240805 22:22:26.080" endtime="20240805 22:23:46.455"/>
</kw>
<kw name="Input Text" library="SeleniumLibrary">
<arg>name:fld_username</arg>
<arg>testings</arg>
<doc>Types the given ``text`` into the text field identified by ``locator``.</doc>
<msg timestamp="20240805 22:23:46.965" level="INFO">Typing text 'testings' into text field 'name:fld_username'.</msg>
<status status="PASS" starttime="20240805 22:23:46.962" endtime="20240805 22:23:48.161"/>
</kw>
<kw name="Input Text" library="SeleniumLibrary">
<arg>name:fld_email</arg>
<arg>testingworldindia@gmail.com</arg>
<doc>Types the given ``text`` into the text field identified by ``locator``.</doc>
<msg timestamp="20240805 22:23:48.216" level="INFO">Typing text 'testingworldindia@gmail.com' into text field 'name:fld_email'.</msg>
<status status="PASS" starttime="20240805 22:23:48.213" endtime="20240805 22:23:48.493"/>
</kw>
<kw name="Input Text" library="SeleniumLibrary">
<arg>name:fld_password</arg>
<arg>123456</arg>
<doc>Types the given ``text`` into the text field identified by ``locator``.</doc>
<msg timestamp="20240805 22:23:48.528" level="INFO">Typing text '123456' into text field 'name:fld_password'.</msg>
<status status="PASS" starttime="20240805 22:23:48.525" endtime="20240805 22:23:48.708"/>
</kw>
<kw name="Close Browser Window" library="Resources4" type="TEARDOWN">
<kw name="Get Title" library="SeleniumLibrary">
<var>${Title}</var>
<doc>Returns the title of the current page.</doc>
<msg timestamp="20240805 22:23:49.225" level="INFO">${Title} = Login &amp; Sign Up Forms</msg>
<status status="PASS" starttime="20240805 22:23:49.205" endtime="20240805 22:23:49.226"/>
</kw>
<kw name="Log" library="BuiltIn">
<arg>${Title}</arg>
<doc>Logs the given message with the given level.</doc>
<msg timestamp="20240805 22:23:49.228" level="INFO">Login &amp; Sign Up Forms</msg>
<status status="PASS" starttime="20240805 22:23:49.227" endtime="20240805 22:23:49.228"/>
</kw>
<kw name="Close Browser" library="SeleniumLibrary">
<doc>Closes the current browser.</doc>
<status status="PASS" starttime="20240805 22:23:49.230" endtime="20240805 22:23:58.318"/>
</kw>
<status status="PASS" starttime="20240805 22:23:49.200" endtime="20240805 22:23:58.318"/>
</kw>
<status status="PASS" starttime="20240805 22:22:26.052" endtime="20240805 22:23:58.320"/>
</test>
<test id="s1-s3-t2" name="Second Setup Test Case" line="19">
<kw name="Start Browser and Maximize" library="Resources4" type="SETUP">
<kw name="Open Browser" library="SeleniumLibrary">
<arg>http://www.thetestingworld.com/testings</arg>
<arg>Firefox</arg>
<doc>Opens a new browser instance to the optional ``url``.</doc>
<msg timestamp="20240805 22:23:58.334" level="INFO">Opening browser 'Firefox' to base url 'http://www.thetestingworld.com/testings'.</msg>
<status status="PASS" starttime="20240805 22:23:58.330" endtime="20240805 22:24:22.939"/>
</kw>
<kw name="Maximize Browser Window" library="SeleniumLibrary">
<doc>Maximizes current browser window.</doc>
<status status="PASS" starttime="20240805 22:24:22.940" endtime="20240805 22:24:23.541"/>
</kw>
<status status="PASS" starttime="20240805 22:23:58.328" endtime="20240805 22:24:23.542"/>
</kw>
<kw name="Select Radio Button" library="SeleniumLibrary">
<arg>add_type</arg>
<arg>office</arg>
<doc>Sets the radio button group ``group_name`` to ``value``.</doc>
<msg timestamp="20240805 22:24:23.554" level="INFO">Selecting 'office' from radio button 'add_type'.</msg>
<status status="PASS" starttime="20240805 22:24:23.553" endtime="20240805 22:24:24.051"/>
</kw>
<kw name="Close Browser Window" library="Resources4" type="TEARDOWN">
<kw name="Get Title" library="SeleniumLibrary">
<var>${Title}</var>
<doc>Returns the title of the current page.</doc>
<msg timestamp="20240805 22:24:24.066" level="INFO">${Title} = Login &amp; Sign Up Forms</msg>
<status status="PASS" starttime="20240805 22:24:24.056" endtime="20240805 22:24:24.066"/>
</kw>
<kw name="Log" library="BuiltIn">
<arg>${Title}</arg>
<doc>Logs the given message with the given level.</doc>
<msg timestamp="20240805 22:24:24.067" level="INFO">Login &amp; Sign Up Forms</msg>
<status status="PASS" starttime="20240805 22:24:24.066" endtime="20240805 22:24:24.067"/>
</kw>
<kw name="Close Browser" library="SeleniumLibrary">
<doc>Closes the current browser.</doc>
<status status="PASS" starttime="20240805 22:24:24.068" endtime="20240805 22:24:31.372"/>
</kw>
<status status="PASS" starttime="20240805 22:24:24.055" endtime="20240805 22:24:31.372"/>
</kw>
<status status="PASS" starttime="20240805 22:23:58.326" endtime="20240805 22:24:31.386"/>
</test>
<doc>This file uses Setup and Teardown functionality</doc>
<status status="PASS" starttime="20240805 22:22:25.856" endtime="20240805 22:24:31.434"/>
</suite>
<suite id="s1-s4" name="12 06 SuiteSetupTeardown" source="D:\OneDrive\Python\PythonLearning\12_DetailsWithKeyword\12_06_SuiteSetupTeardown.robot">
<kw name="Before Each Test Suite" library="Resources4" type="SETUP">
<kw name="Log" library="BuiltIn">
<arg>Before Each Test Suite</arg>
<doc>Logs the given message with the given level.</doc>
<msg timestamp="20240805 22:24:31.805" level="INFO">Before Each Test Suite</msg>
<status status="PASS" starttime="20240805 22:24:31.804" endtime="20240805 22:24:31.805"/>
</kw>
<status status="PASS" starttime="20240805 22:24:31.792" endtime="20240805 22:24:31.805"/>
</kw>
<test id="s1-s4-t1" name="Setup Test Case" line="15">
<kw name="Start Browser and Maximize" library="Resources4" type="SETUP">
<kw name="Open Browser" library="SeleniumLibrary">
<arg>http://www.thetestingworld.com/testings</arg>
<arg>Firefox</arg>
<doc>Opens a new browser instance to the optional ``url``.</doc>
<msg timestamp="20240805 22:24:31.858" level="INFO">Opening browser 'Firefox' to base url 'http://www.thetestingworld.com/testings'.</msg>
<status status="PASS" starttime="20240805 22:24:31.855" endtime="20240805 22:24:52.971"/>
</kw>
<kw name="Maximize Browser Window" library="SeleniumLibrary">
<doc>Maximizes current browser window.</doc>
<status status="PASS" starttime="20240805 22:24:52.972" endtime="20240805 22:24:53.657"/>
</kw>
<status status="PASS" starttime="20240805 22:24:31.830" endtime="20240805 22:24:53.657"/>
</kw>
<kw name="Input Text" library="SeleniumLibrary">
<arg>name:fld_username</arg>
<arg>testings</arg>
<doc>Types the given ``text`` into the text field identified by ``locator``.</doc>
<msg timestamp="20240805 22:24:53.683" level="INFO">Typing text 'testings' into text field 'name:fld_username'.</msg>
<status status="PASS" starttime="20240805 22:24:53.680" endtime="20240805 22:24:54.219"/>
</kw>
<kw name="Input Text" library="SeleniumLibrary">
<arg>name:fld_email</arg>
<arg>testingworldindia@gmail.com</arg>
<doc>Types the given ``text`` into the text field identified by ``locator``.</doc>
<msg timestamp="20240805 22:24:54.234" level="INFO">Typing text 'testingworldindia@gmail.com' into text field 'name:fld_email'.</msg>
<status status="PASS" starttime="20240805 22:24:54.231" endtime="20240805 22:24:54.391"/>
</kw>
<kw name="Input Text" library="SeleniumLibrary">
<arg>name:fld_password</arg>
<arg>123456</arg>
<doc>Types the given ``text`` into the text field identified by ``locator``.</doc>
<msg timestamp="20240805 22:24:54.398" level="INFO">Typing text '123456' into text field 'name:fld_password'.</msg>
<status status="PASS" starttime="20240805 22:24:54.394" endtime="20240805 22:24:54.480"/>
</kw>
<kw name="Close Browser Window" library="Resources4" type="TEARDOWN">
<kw name="Get Title" library="SeleniumLibrary">
<var>${Title}</var>
<doc>Returns the title of the current page.</doc>
<msg timestamp="20240805 22:24:54.494" level="INFO">${Title} = Login &amp; Sign Up Forms</msg>
<status status="PASS" starttime="20240805 22:24:54.486" endtime="20240805 22:24:54.495"/>
</kw>
<kw name="Log" library="BuiltIn">
<arg>${Title}</arg>
<doc>Logs the given message with the given level.</doc>
<msg timestamp="20240805 22:24:54.496" level="INFO">Login &amp; Sign Up Forms</msg>
<status status="PASS" starttime="20240805 22:24:54.495" endtime="20240805 22:24:54.497"/>
</kw>
<kw name="Close Browser" library="SeleniumLibrary">
<doc>Closes the current browser.</doc>
<status status="PASS" starttime="20240805 22:24:54.498" endtime="20240805 22:25:00.607"/>
</kw>
<status status="PASS" starttime="20240805 22:24:54.485" endtime="20240805 22:25:00.607"/>
</kw>
<status status="PASS" starttime="20240805 22:24:31.805" endtime="20240805 22:25:00.608"/>
</test>
<test id="s1-s4-t2" name="Second Setup Test Case" line="20">
<kw name="Start Browser and Maximize" library="Resources4" type="SETUP">
<kw name="Open Browser" library="SeleniumLibrary">
<arg>http://www.thetestingworld.com/testings</arg>
<arg>Firefox</arg>
<doc>Opens a new browser instance to the optional ``url``.</doc>
<msg timestamp="20240805 22:25:00.616" level="INFO">Opening browser 'Firefox' to base url 'http://www.thetestingworld.com/testings'.</msg>
<status status="PASS" starttime="20240805 22:25:00.614" endtime="20240805 22:25:19.263"/>
</kw>
<kw name="Maximize Browser Window" library="SeleniumLibrary">
<doc>Maximizes current browser window.</doc>
<status status="PASS" starttime="20240805 22:25:19.263" endtime="20240805 22:25:19.787"/>
</kw>
<status status="PASS" starttime="20240805 22:25:00.613" endtime="20240805 22:25:19.787"/>
</kw>
<kw name="Select Radio Button" library="SeleniumLibrary">
<arg>add_type</arg>
<arg>office</arg>
<doc>Sets the radio button group ``group_name`` to ``value``.</doc>
<msg timestamp="20240805 22:25:19.811" level="INFO">Selecting 'office' from radio button 'add_type'.</msg>
<status status="PASS" starttime="20240805 22:25:19.810" endtime="20240805 22:25:20.302"/>
</kw>
<kw name="Close Browser Window" library="Resources4" type="TEARDOWN">
<kw name="Get Title" library="SeleniumLibrary">
<var>${Title}</var>
<doc>Returns the title of the current page.</doc>
<msg timestamp="20240805 22:25:20.319" level="INFO">${Title} = Login &amp; Sign Up Forms</msg>
<status status="PASS" starttime="20240805 22:25:20.311" endtime="20240805 22:25:20.319"/>
</kw>
<kw name="Log" library="BuiltIn">
<arg>${Title}</arg>
<doc>Logs the given message with the given level.</doc>
<msg timestamp="20240805 22:25:20.320" level="INFO">Login &amp; Sign Up Forms</msg>
<status status="PASS" starttime="20240805 22:25:20.320" endtime="20240805 22:25:20.321"/>
</kw>
<kw name="Close Browser" library="SeleniumLibrary">
<doc>Closes the current browser.</doc>
<status status="PASS" starttime="20240805 22:25:20.321" endtime="20240805 22:25:26.308"/>
</kw>
<status status="PASS" starttime="20240805 22:25:20.310" endtime="20240805 22:25:26.308"/>
</kw>
<status status="PASS" starttime="20240805 22:25:00.612" endtime="20240805 22:25:26.309"/>
</test>
<kw name="After Each Test Suite" library="Resources4" type="TEARDOWN">
<kw name="Log" library="BuiltIn">
<arg>After Each Test Suite</arg>
<doc>Logs the given message with the given level.</doc>
<msg timestamp="20240805 22:25:26.317" level="INFO">After Each Test Suite</msg>
<status status="PASS" starttime="20240805 22:25:26.316" endtime="20240805 22:25:26.317"/>
</kw>
<status status="PASS" starttime="20240805 22:25:26.316" endtime="20240805 22:25:26.317"/>
</kw>
<doc>This file uses Setup and Teardown functionality</doc>
<status status="PASS" starttime="20240805 22:24:31.706" endtime="20240805 22:25:26.317"/>
</suite>
<kw name="After Each Test Suite" type="TEARDOWN">
<kw name="Log" library="BuiltIn">
<arg>Test Suite Ended</arg>
<doc>Logs the given message with the given level.</doc>
<msg timestamp="20240805 22:25:26.327" level="INFO">Test Suite Ended</msg>
<status status="PASS" starttime="20240805 22:25:26.327" endtime="20240805 22:25:26.327"/>
</kw>
<status status="PASS" starttime="20240805 22:25:26.326" endtime="20240805 22:25:26.328"/>
</kw>
<status status="PASS" starttime="20240805 22:21:19.084" endtime="20240805 22:25:26.328"/>
</suite>
<statistics>
<total>
<stat pass="6" fail="0" skip="0">All Tests</stat>
</total>
<tag>
</tag>
<suite>
<stat pass="6" fail="0" skip="0" id="s1" name="12 DetailsWithKeyword">12 DetailsWithKeyword</stat>
<stat pass="1" fail="0" skip="0" id="s1-s1" name="12 01 Documentation">12 DetailsWithKeyword.12 01 Documentation</stat>
<stat pass="1" fail="0" skip="0" id="s1-s2" name="12 02 Timeout">12 DetailsWithKeyword.12 02 Timeout</stat>
<stat pass="2" fail="0" skip="0" id="s1-s3" name="12 03 SetupTeardown">12 DetailsWithKeyword.12 03 SetupTeardown</stat>
<stat pass="2" fail="0" skip="0" id="s1-s4" name="12 06 SuiteSetupTeardown">12 DetailsWithKeyword.12 06 SuiteSetupTeardown</stat>
</suite>
</statistics>
<errors>
</errors>
</robot>
