<?xml version="1.0" encoding="UTF-8"?>
<robot generator="Robot 7.0.1 (Python 3.12.3 on win32)" generated="2024-10-28T06:41:35.881636" rpa="false" schemaversion="5">
<suite id="s1" name="21 01 ExcelImport" source="c:\Users\a315707\OneDrive - Deutsche Telekom AG\Schulungen\Programmierung\Python\PythonLearning\21_Read_from_Excel\21_01_ExcelImport.robot">
<test id="s1-t1" name="TC_001 Login Logout functionality" line="8">
<kw name="Open Browser" owner="SeleniumLibrary">
<msg time="2024-10-28T06:41:36.378864" level="INFO">Opening browser 'firefox' to base url 'https://thetestingworld.com/testings/'.</msg>
<msg time="2024-10-28T06:41:37.058740" level="WARN">Problem reading geckodriver versions: error sending request for url (https://raw.githubusercontent.com/SeleniumHQ/selenium/trunk/common/geckodriver/geckodriver-support.json). Using latest geckodriver version</msg>
<msg time="2024-10-28T06:41:37.059751" level="WARN">Exception managing firefox: error sending request for url (https://github.com/mozilla/geckodriver/releases/latest)</msg>
<arg>${var1}</arg>
<doc>Opens a new browser instance to the optional ``url``.</doc>
<status status="PASS" start="2024-10-28T06:41:36.377736" elapsed="5.510202"/>
</kw>
<kw name="Click Element" owner="SeleniumLibrary">
<msg time="2024-10-28T06:41:41.889181" level="INFO">Clicking element 'xpath:/html/body/div[4]/section/ul/li[2]/label'.</msg>
<arg>xpath:/html/body/div[4]/section/ul/li[2]/label</arg>
<doc>Click the element identified by ``locator``.</doc>
<status status="PASS" start="2024-10-28T06:41:41.887938" elapsed="0.271122"/>
</kw>
<kw name="Input Text" owner="SeleniumLibrary">
<msg time="2024-10-28T06:41:42.160422" level="INFO">Typing text 'testing' into text field 'name:_txtUserName'.</msg>
<arg>name:_txtUserName</arg>
<arg>testing</arg>
<doc>Types the given ``text`` into the text field identified by ``locator``.</doc>
<status status="PASS" start="2024-10-28T06:41:42.159060" elapsed="0.023507"/>
</kw>
<kw name="Input Password" owner="SeleniumLibrary">
<msg time="2024-10-28T06:41:42.183580" level="INFO">Typing password into text field 'name:_txtPassword'.</msg>
<msg time="2024-10-28T06:41:42.194411" level="INFO">Temporally setting log level to: NONE</msg>
<arg>name:_txtPassword</arg>
<arg>testing</arg>
<doc>Types the given password into the text field identified by ``locator``.</doc>
<status status="PASS" start="2024-10-28T06:41:42.183580" elapsed="0.019527"/>
</kw>
<kw name="Click Button" owner="SeleniumLibrary">
<msg time="2024-10-28T06:41:42.203107" level="INFO">Clicking button 'xpath:/html/body/div[4]/section/ul/li[2]/div/form/div/input[2]'.</msg>
<arg>xpath:/html/body/div[4]/section/ul/li[2]/div/form/div/input[2]</arg>
<doc>Clicks the button identified by ``locator``.</doc>
<status status="PASS" start="2024-10-28T06:41:42.203107" elapsed="0.227199"/>
</kw>
<kw name="Sleep" owner="BuiltIn">
<msg time="2024-10-28T06:41:47.431782" level="INFO">Slept 5 seconds.</msg>
<arg>5 seconds</arg>
<doc>Pauses the test executed for the given time.</doc>
<status status="PASS" start="2024-10-28T06:41:42.430306" elapsed="5.001476"/>
</kw>
<status status="PASS" start="2024-10-28T06:41:36.376736" elapsed="11.055046"/>
</test>
<status status="PASS" start="2024-10-28T06:41:35.888806" elapsed="11.545486"/>
</suite>
<statistics>
<total>
<stat pass="1" fail="0" skip="0">All Tests</stat>
</total>
<tag>
</tag>
<suite>
<stat pass="1" fail="0" skip="0" id="s1" name="21 01 ExcelImport">21 01 ExcelImport</stat>
</suite>
</statistics>
<errors>
<msg time="2024-10-28T06:41:37.058740" level="WARN">Problem reading geckodriver versions: error sending request for url (https://raw.githubusercontent.com/SeleniumHQ/selenium/trunk/common/geckodriver/geckodriver-support.json). Using latest geckodriver version</msg>
<msg time="2024-10-28T06:41:37.059751" level="WARN">Exception managing firefox: error sending request for url (https://github.com/mozilla/geckodriver/releases/latest)</msg>
</errors>
</robot>
