<?xml version="1.0" encoding="UTF-8"?>
<robot generator="Robot 7.0 (Python 3.11.8 on win32)" generated="2024-05-29T21:58:50.391469" rpa="false" schemaversion="5">
<suite id="s1" name="08 06 KeyboardOperations" source="c:\Users\a315707\OneDrive - Deutsche Telekom AG\Schulungen\Programmierung\Python\PythonLearning\08_MiscellaneousKeywords\08_06_KeyboardOperations.robot">
<test id="s1-t1" name="TC_08_06_01 Enter text" line="8">
<kw name="Open Browser" owner="SeleniumLibrary">
<msg time="2024-05-29T21:58:50.690703" level="INFO">Opening browser 'Firefox' to base url 'https://www.thetestingworld.com/testings/'.</msg>
<msg time="2024-05-29T21:58:51.331790" level="WARN">Problem reading geckodriver versions: error sending request for url (https://raw.githubusercontent.com/SeleniumHQ/selenium/trunk/common/geckodriver/geckodriver-support.json). Using latest geckodriver version</msg>
<msg time="2024-05-29T21:58:51.333790" level="WARN">Exception managing firefox: error sending request for url (https://github.com/mozilla/geckodriver/releases/latest)</msg>
<arg>${var1}</arg>
<arg>Firefox</arg>
<doc>Opens a new browser instance to the optional ``url``.</doc>
<status status="PASS" start="2024-05-29T21:58:50.689702" elapsed="4.935987"/>
</kw>
<kw name="Maximize Browser Window" owner="SeleniumLibrary">
<doc>Maximizes current browser window.</doc>
<status status="PASS" start="2024-05-29T21:58:55.625689" elapsed="0.292382"/>
</kw>
<kw name="Click Element" owner="SeleniumLibrary">
<msg time="2024-05-29T21:58:55.919113" level="INFO">Clicking element 'xpath://html/body/div[4]/section/ul/li[2]/label'.</msg>
<arg>xpath://html/body/div[4]/section/ul/li[2]/label</arg>
<doc>Click the element identified by ``locator``.</doc>
<status status="PASS" start="2024-05-29T21:58:55.918071" elapsed="0.247079"/>
</kw>
<kw name="Press Key" owner="SeleniumLibrary">
<arg>name:_txtUserName</arg>
<arg>hello</arg>
<doc>Simulates user pressing key on element identified by ``locator``.</doc>
<status status="PASS" start="2024-05-29T21:58:56.165150" elapsed="0.038513"/>
</kw>
<kw name="Press Key" owner="SeleniumLibrary">
<arg>xpath://html/body/div[4]/section/ul/li[2]/div/form/div/input[2]</arg>
<arg>\\13</arg>
<doc>Simulates user pressing key on element identified by ``locator``.</doc>
<status status="PASS" start="2024-05-29T21:58:56.203663" elapsed="0.023053"/>
</kw>
<status status="PASS" start="2024-05-29T21:58:50.688702" elapsed="5.539220"/>
</test>
<status status="PASS" start="2024-05-29T21:58:50.398324" elapsed="5.830610"/>
</suite>
<statistics>
<total>
<stat pass="1" fail="0" skip="0">All Tests</stat>
</total>
<tag>
</tag>
<suite>
<stat pass="1" fail="0" skip="0" id="s1" name="08 06 KeyboardOperations">08 06 KeyboardOperations</stat>
</suite>
</statistics>
<errors>
<msg time="2024-05-29T21:58:51.331790" level="WARN">Problem reading geckodriver versions: error sending request for url (https://raw.githubusercontent.com/SeleniumHQ/selenium/trunk/common/geckodriver/geckodriver-support.json). Using latest geckodriver version</msg>
<msg time="2024-05-29T21:58:51.333790" level="WARN">Exception managing firefox: error sending request for url (https://github.com/mozilla/geckodriver/releases/latest)</msg>
</errors>
</robot>
