<?xml version="1.0" encoding="UTF-8"?>
<robot generator="Robot 7.0.1 (Python 3.12.3 on win32)" generated="2024-08-29T21:11:09.963131" rpa="false" schemaversion="5">
<suite id="s1" name="TC 002 FetchDataFromList" source="c:\Users\a315707\OneDrive - Deutsche Telekom AG\Schulungen\Programmierung\Python\PythonLearning\15_Fetch_Data_At_Runtime\TC_002_FetchDataFromList.robot">
<test id="s1-t1" name="Robot Fetch Data From List" line="13">
<kw name="Open Browser" owner="SeleniumLibrary">
<msg time="2024-08-29T21:11:10.568237" level="INFO">Opening browser 'Firefox' to base url 'http://www.thetestingworld.com/testings'.</msg>
<msg time="2024-08-29T21:11:11.597940" level="WARN">Problem reading geckodriver versions: error sending request for url (https://raw.githubusercontent.com/SeleniumHQ/selenium/trunk/common/geckodriver/geckodriver-support.json). Using latest geckodriver version</msg>
<msg time="2024-08-29T21:11:11.598940" level="WARN">Exception managing firefox: error sending request for url (https://github.com/mozilla/geckodriver/releases/latest)</msg>
<arg>${URL}</arg>
<arg>${Browser}</arg>
<doc>Opens a new browser instance to the optional ``url``.</doc>
<status status="PASS" start="2024-08-29T21:11:10.567204" elapsed="7.769916"/>
</kw>
<kw name="Maximize Browser Window" owner="SeleniumLibrary">
<doc>Maximizes current browser window.</doc>
<status status="PASS" start="2024-08-29T21:11:18.338641" elapsed="0.292960"/>
</kw>
<kw name="Select From List By Index" owner="SeleniumLibrary">
<msg time="2024-08-29T21:11:18.633604" level="INFO">Selecting options from selection list 'name:sex' by index 1.</msg>
<msg time="2024-08-29T21:11:18.710342" level="INFO" html="true">&lt;/td&gt;&lt;/tr&gt;&lt;tr&gt;&lt;td colspan="3"&gt;&lt;a href="selenium-screenshot-1.png"&gt;&lt;img src="selenium-screenshot-1.png" width="800px"&gt;&lt;/a&gt;</msg>
<msg time="2024-08-29T21:11:18.711411" level="FAIL">List with locator 'name:sex' not found.</msg>
<arg>name:sex</arg>
<arg>1</arg>
<doc>Selects options from selection list ``locator`` by ``indexes``.</doc>
<status status="FAIL" start="2024-08-29T21:11:18.632604" elapsed="0.179852">List with locator 'name:sex' not found.</status>
</kw>
<kw name="Get Selected List Value" owner="SeleniumLibrary">
<var>${Val}</var>
<arg>name:sex</arg>
<doc>Returns the value of selected option from selection list ``locator``.</doc>
<status status="NOT RUN" start="2024-08-29T21:11:18.813459" elapsed="0.000000"/>
</kw>
<kw name="Log" owner="BuiltIn">
<arg>${Val}</arg>
<doc>Logs the given message with the given level.</doc>
<status status="NOT RUN" start="2024-08-29T21:11:18.814459" elapsed="0.000000"/>
</kw>
<kw name="Close Browser" owner="SeleniumLibrary">
<doc>Closes the current browser.</doc>
<status status="NOT RUN" start="2024-08-29T21:11:18.814459" elapsed="0.001049"/>
</kw>
<doc>This test case fetches data from a list</doc>
<status status="FAIL" start="2024-08-29T21:11:10.565468" elapsed="8.251049">List with locator 'name:sex' not found.</status>
</test>
<doc>This Suite shows how to apply tags</doc>
<status status="FAIL" start="2024-08-29T21:11:09.972716" elapsed="8.845310"/>
</suite>
<statistics>
<total>
<stat pass="0" fail="1" skip="0">All Tests</stat>
</total>
<tag>
</tag>
<suite>
<stat pass="0" fail="1" skip="0" id="s1" name="TC 002 FetchDataFromList">TC 002 FetchDataFromList</stat>
</suite>
</statistics>
<errors>
<msg time="2024-08-29T21:11:10.561023" level="WARN">Error in file 'c:\Users\a315707\OneDrive - Deutsche Telekom AG\Schulungen\Programmierung\Python\PythonLearning\Resources\Resources3.robot' on line 15: The '[Return]' setting is deprecated. Use the 'RETURN' statement instead.</msg>
<msg time="2024-08-29T21:11:11.597940" level="WARN">Problem reading geckodriver versions: error sending request for url (https://raw.githubusercontent.com/SeleniumHQ/selenium/trunk/common/geckodriver/geckodriver-support.json). Using latest geckodriver version</msg>
<msg time="2024-08-29T21:11:11.598940" level="WARN">Exception managing firefox: error sending request for url (https://github.com/mozilla/geckodriver/releases/latest)</msg>
</errors>
</robot>
