<?xml version="1.0" encoding="UTF-8"?>
<robot generator="Robot 7.0 (Python 3.11.8 on win32)" generated="2024-05-29T07:19:36.360759" rpa="false" schemaversion="5">
<suite id="s1" name="08 03 GoToGoBack" source="c:\Users\a315707\OneDrive - Deutsche Telekom AG\Schulungen\Programmierung\Python\PythonLearning\08_MiscellaneousKeywords\08_03_GoToGoBack.robot">
<test id="s1-t1" name="TC_08_03_03 Get Location" line="22">
<kw name="Open Browser" owner="SeleniumLibrary">
<msg time="2024-05-29T07:19:36.623047" level="INFO">Opening browser 'Firefox' to base url 'https://www.thetestingworld.com'.</msg>
<msg time="2024-05-29T07:19:37.248451" level="WARN">Problem reading geckodriver versions: error sending request for url (https://raw.githubusercontent.com/SeleniumHQ/selenium/trunk/common/geckodriver/geckodriver-support.json). Using latest geckodriver version</msg>
<msg time="2024-05-29T07:19:37.248451" level="WARN">Exception managing firefox: error sending request for url (https://github.com/mozilla/geckodriver/releases/latest)</msg>
<arg>${var1}</arg>
<arg>Firefox</arg>
<doc>Opens a new browser instance to the optional ``url``.</doc>
<status status="PASS" start="2024-05-29T07:19:36.623047" elapsed="8.372057"/>
</kw>
<kw name="Get Location" owner="SeleniumLibrary">
<msg time="2024-05-29T07:19:45.010742" level="INFO">${URL1} = https://www.thetestingworld.com/</msg>
<var>${URL1}</var>
<doc>Returns the current browser window URL.</doc>
<status status="PASS" start="2024-05-29T07:19:44.996103" elapsed="0.014639"/>
</kw>
<kw name="Log To Console" owner="BuiltIn">
<arg>${URL1}</arg>
<doc>Logs the given message to the console.</doc>
<status status="PASS" start="2024-05-29T07:19:45.010742" elapsed="0.001241"/>
</kw>
<kw name="Go Back" owner="SeleniumLibrary">
<doc>Simulates the user clicking the back button on their browser.</doc>
<status status="PASS" start="2024-05-29T07:19:45.011983" elapsed="0.003771"/>
</kw>
<kw name="Go To" owner="SeleniumLibrary">
<msg time="2024-05-29T07:19:45.021763" level="INFO">Opening url 'https://www.google.com'</msg>
<arg>https://www.google.com</arg>
<doc>Navigates the current browser window to the provided ``url``.</doc>
<status status="PASS" start="2024-05-29T07:19:45.020934" elapsed="1.050947"/>
</kw>
<kw name="Get Location" owner="SeleniumLibrary">
<msg time="2024-05-29T07:19:46.074037" level="INFO">${URL1} = https://www.google.com/</msg>
<var>${URL1}</var>
<doc>Returns the current browser window URL.</doc>
<status status="PASS" start="2024-05-29T07:19:46.072412" elapsed="0.002664"/>
</kw>
<kw name="Log To Console" owner="BuiltIn">
<arg>${URL1}</arg>
<doc>Logs the given message to the console.</doc>
<status status="PASS" start="2024-05-29T07:19:46.075582" elapsed="0.000000"/>
</kw>
<kw name="Close All Browsers" owner="SeleniumLibrary">
<doc>Closes all open browsers and resets the browser cache.</doc>
<status status="PASS" start="2024-05-29T07:19:46.075582" elapsed="4.912274"/>
</kw>
<status status="PASS" start="2024-05-29T07:19:36.608537" elapsed="14.380181"/>
</test>
<status status="PASS" start="2024-05-29T07:19:36.365935" elapsed="14.622783"/>
</suite>
<statistics>
<total>
<stat pass="1" fail="0" skip="0">All Tests</stat>
</total>
<tag>
</tag>
<suite>
<stat pass="1" fail="0" skip="0" id="s1" name="08 03 GoToGoBack">08 03 GoToGoBack</stat>
</suite>
</statistics>
<errors>
<msg time="2024-05-29T07:19:37.248451" level="WARN">Problem reading geckodriver versions: error sending request for url (https://raw.githubusercontent.com/SeleniumHQ/selenium/trunk/common/geckodriver/geckodriver-support.json). Using latest geckodriver version</msg>
<msg time="2024-05-29T07:19:37.248451" level="WARN">Exception managing firefox: error sending request for url (https://github.com/mozilla/geckodriver/releases/latest)</msg>
</errors>
</robot>
