<?xml version="1.0" encoding="UTF-8"?>
<robot generator="Robot 7.0.1 (Python 3.12.3 on win32)" generated="2024-11-28T09:05:06.272444" rpa="false" schemaversion="5">
<suite id="s1" name="29 01 Sikuli TC 001" source="c:\Users\a315707\OneDrive - Deutsche Telekom AG\Schulungen\Programmierung\Python\PythonLearning\29_Sikuli\29_01_Sikuli_TC_001.robot">
<test id="s1-t1" name="TC_001 Start Browser on Windows" line="12">
<kw name="Start Sikuli Process" owner="SikuliLibrary">
<msg time="2024-11-28T09:05:06.610721" level="INFO">Starting process:
java -jar "C:\Program Files\Wpy64-31230\python-3.12.3.amd64\Lib\site-packages\SikuliLibrary\lib\SikuliLibrary.jar" 53336 "C:\Users\a315707\OneDrive - Deutsche Telekom AG\Schulungen\Programmierung\Python\PythonLearning"</msg>
<msg time="2024-11-28T09:05:06.627700" level="INFO">Start sikuli java process on port 53336</msg>
<msg time="2024-11-28T09:05:07.747543" level="INFO">Sikuli java process is started</msg>
<status status="PASS" start="2024-11-28T09:05:06.604613" elapsed="3.462355"/>
</kw>
<kw name="Add Image Path" owner="SikuliLibrary">
<arg>C:/Users/a315707/OneDrive - Deutsche Telekom AG/Schulungen/Programmierung/Python/PythonLearning/29_Sikuli/</arg>
<doc>Add image path</doc>
<status status="PASS" start="2024-11-28T09:05:10.066968" elapsed="0.029084"/>
</kw>
<kw name="Click" owner="SikuliLibrary">
<msg time="2024-11-28T09:05:11.297502" level="INFO" html="true">&lt;img src='sikuli_captured/sikuliximage-1732781110591.png'/&gt;
[log] CLICK on L[32,1056]@S(0) (572 msec)</msg>
<arg>Sikuli_StartButton.png</arg>
<doc>Click</doc>
<status status="PASS" start="2024-11-28T09:05:10.096052" elapsed="1.201450"/>
</kw>
<kw name="Click" owner="SikuliLibrary">
<msg time="2024-11-28T09:05:12.636770" level="INFO" html="true">&lt;img src='sikuli_captured/sikuliximage-1732781111890.png'/&gt;
[log] CLICK on L[96,643]@S(0) (570 msec)</msg>
<arg>Sikuli_Chrome.png</arg>
<doc>Click</doc>
<status status="PASS" start="2024-11-28T09:05:11.298498" elapsed="1.338272"/>
</kw>
<status status="PASS" start="2024-11-28T09:05:06.603196" elapsed="6.033574"/>
</test>
<status status="PASS" start="2024-11-28T09:05:06.287702" elapsed="6.351529"/>
</suite>
<statistics>
<total>
<stat pass="1" fail="0" skip="0">All Tests</stat>
</total>
<tag>
</tag>
<suite>
<stat pass="1" fail="0" skip="0" id="s1" name="29 01 Sikuli TC 001">29 01 Sikuli TC 001</stat>
</suite>
</statistics>
<errors>
</errors>
</robot>
