<?xml version="1.0" encoding="UTF-8"?>
<robot generator="Robot 7.0 (Python 3.11.8 on win32)" generated="2024-05-21T22:32:55.327127" rpa="false" schemaversion="5">
<suite id="s1" name="TC 003 Keywords" source="c:\Users\a315707\OneDrive - Deutsche Telekom AG\Schulungen\Programmierung\Python\PythonLearning\05_Work_On_Different_Elements\TC_003_Keywords.robot">
<test id="s1-t1" name="Use own keyword" line="10">
<kw name="Open Browser" owner="SeleniumLibrary">
<msg time="2024-05-21T22:32:55.601155" level="INFO">Opening browser 'Firefox' to base url 'http://thetestingworld.com/testings'.</msg>
<msg time="2024-05-21T22:32:56.279783" level="WARN">Problem reading geckodriver versions: error sending request for url (https://raw.githubusercontent.com/SeleniumHQ/selenium/trunk/common/geckodriver/geckodriver-support.json). Using latest geckodriver version</msg>
<msg time="2024-05-21T22:32:56.281188" level="WARN">Exception managing firefox: error sending request for url (https://github.com/mozilla/geckodriver/releases/latest)</msg>
<arg>${URL}</arg>
<arg>${Browser}</arg>
<doc>Opens a new browser instance to the optional ``url``.</doc>
<status status="PASS" start="2024-05-21T22:32:55.600155" elapsed="8.577747"/>
</kw>
<kw name="Maximize Browser Window" owner="SeleniumLibrary">
<doc>Maximizes current browser window.</doc>
<status status="PASS" start="2024-05-21T22:33:04.179084" elapsed="0.275868"/>
</kw>
<kw name="Enter Username Email Password">
<kw name="Input Text" owner="SeleniumLibrary">
<msg time="2024-05-21T22:33:04.456149" level="INFO">Typing text 'Testing' into text field 'name:fld_username'.</msg>
<arg>name:fld_username</arg>
<arg>${username}</arg>
<doc>Types the given ``text`` into the text field identified by ``locator``.</doc>
<status status="PASS" start="2024-05-21T22:33:04.456149" elapsed="0.104868"/>
</kw>
<kw name="Input Text" owner="SeleniumLibrary">
<msg time="2024-05-21T22:33:04.562251" level="INFO">Typing text 'testingworldindia@gmail.com' into text field 'name:fld_email'.</msg>
<arg>name:fld_email</arg>
<arg>${email}</arg>
<doc>Types the given ``text`` into the text field identified by ``locator``.</doc>
<status status="PASS" start="2024-05-21T22:33:04.561017" elapsed="0.031996"/>
</kw>
<kw name="Input Text" owner="SeleniumLibrary">
<msg time="2024-05-21T22:33:04.594357" level="INFO">Typing text '123456' into text field 'name:fld_password'.</msg>
<arg>name:fld_password</arg>
<arg>${password}</arg>
<doc>Types the given ``text`` into the text field identified by ``locator``.</doc>
<status status="PASS" start="2024-05-21T22:33:04.593013" elapsed="0.026224"/>
</kw>
<arg>Testing</arg>
<arg>testingworldindia@gmail.com</arg>
<arg>123456</arg>
<status status="PASS" start="2024-05-21T22:33:04.454952" elapsed="0.164285"/>
</kw>
<status status="PASS" start="2024-05-21T22:32:55.599155" elapsed="9.022130"/>
</test>
<status status="PASS" start="2024-05-21T22:32:55.334403" elapsed="9.287901"/>
</suite>
<statistics>
<total>
<stat pass="1" fail="0" skip="0">All Tests</stat>
</total>
<tag>
</tag>
<suite>
<stat pass="1" fail="0" skip="0" id="s1" name="TC 003 Keywords">TC 003 Keywords</stat>
</suite>
</statistics>
<errors>
<msg time="2024-05-21T22:32:56.279783" level="WARN">Problem reading geckodriver versions: error sending request for url (https://raw.githubusercontent.com/SeleniumHQ/selenium/trunk/common/geckodriver/geckodriver-support.json). Using latest geckodriver version</msg>
<msg time="2024-05-21T22:32:56.281188" level="WARN">Exception managing firefox: error sending request for url (https://github.com/mozilla/geckodriver/releases/latest)</msg>
</errors>
</robot>
