<?xml version="1.0" encoding="UTF-8"?>
<robot generator="Robot 7.0.1 (Python 3.12.3 on win32)" generated="2024-09-02T22:01:36.626419" rpa="false" schemaversion="5">
<suite id="s1" name="16 04 UDK with Argument and Return Value" source="c:\Users\a315707\OneDrive - Deutsche Telekom AG\Schulungen\Programmierung\Python\PythonLearning\16_UserDefinedKeywords\16_04_UDK_with_Argument_and_Return_Value.robot">
<test id="s1-t1" name="Robot Concatenate Values" line="11">
<kw name="Concatenate Username and Password" owner="Resources4">
<kw name="Concatenate Two Values" owner="UserKeywords16_03">
<msg time="2024-09-02T22:01:36.938107" level="INFO">${resultval} = myUser myPassword</msg>
<var>${resultval}</var>
<arg>${username}</arg>
<arg>${password}</arg>
<status status="PASS" start="2024-09-02T22:01:36.937005" elapsed="0.003616"/>
</kw>
<kw name="Log" owner="BuiltIn">
<msg time="2024-09-02T22:01:36.941620" level="INFO">myUser myPassword</msg>
<arg>${resultval}</arg>
<doc>Logs the given message with the given level.</doc>
<status status="PASS" start="2024-09-02T22:01:36.941620" elapsed="0.000000"/>
</kw>
<arg>myUser</arg>
<arg>myPassword</arg>
<status status="PASS" start="2024-09-02T22:01:36.937005" elapsed="0.004615"/>
</kw>
<status status="PASS" start="2024-09-02T22:01:36.935699" elapsed="0.006919"/>
</test>
<doc>This Suite uses User Defined Keywords in Python</doc>
<status status="PASS" start="2024-09-02T22:01:36.632057" elapsed="0.321601"/>
</suite>
<statistics>
<total>
<stat pass="1" fail="0" skip="0">All Tests</stat>
</total>
<tag>
</tag>
<suite>
<stat pass="1" fail="0" skip="0" id="s1" name="16 04 UDK with Argument and Return Value">16 04 UDK with Argument and Return Value</stat>
</suite>
</statistics>
<errors>
</errors>
</robot>
