<?xml version="1.0" encoding="UTF-8"?>
<robot generator="Robot 7.0 (Python 3.11.8 on win32)" generated="2024-05-07T06:26:42.073471" rpa="false" schemaversion="5">
<suite id="s1" name="TC 001 Start Close Browser" source="C:\Users\a315707\OneDrive - Deutsche Telekom AG\Schulungen\Programmierung\Python\PythonLearning\21_FetchData\TC_001_Start_Close_Browser.robot">
<test id="s1-t1" name="TC_001 Browser Start Close" line="10">
<kw name="Open Browser" owner="SeleniumLibrary">
<msg time="2024-05-07T06:26:42.446698" level="INFO">Opening browser 'Firefox' to base url 'https://www.t-systems.com/de/en/contact'.</msg>
<msg time="2024-05-07T06:26:43.296359" level="WARN">Problem reading geckodriver versions: error sending request for url (https://raw.githubusercontent.com/SeleniumHQ/selenium/trunk/common/geckodriver/geckodriver-support.json). Using latest geckodriver version</msg>
<msg time="2024-05-07T06:26:43.298363" level="WARN">Exception managing firefox: error sending request for url (https://github.com/mozilla/geckodriver/releases/latest)</msg>
<arg>${URL}</arg>
<arg>${Browser}</arg>
<doc>Opens a new browser instance to the optional ``url``.</doc>
<status status="PASS" start="2024-05-07T06:26:42.446698" elapsed="6.816406"/>
</kw>
<kw name="Close Browser" owner="SeleniumLibrary">
<doc>Closes the current browser.</doc>
<status status="PASS" start="2024-05-07T06:26:49.264836" elapsed="1.263534"/>
</kw>
<status status="PASS" start="2024-05-07T06:26:42.444297" elapsed="8.085073"/>
</test>
<test id="s1-t2" name="TC_002 Robot First Test Case" line="13">
<kw name="Open Browser" owner="SeleniumLibrary">
<msg time="2024-05-07T06:26:50.531373" level="INFO">Opening browser 'Firefox' to base url 'https://www.t-systems.com/de/en/contact'.</msg>
<msg time="2024-05-07T06:26:51.339351" level="WARN">Problem reading geckodriver versions: error sending request for url (https://raw.githubusercontent.com/SeleniumHQ/selenium/trunk/common/geckodriver/geckodriver-support.json). Using latest geckodriver version</msg>
<msg time="2024-05-07T06:26:51.341868" level="WARN">Exception managing firefox: error sending request for url (https://github.com/mozilla/geckodriver/releases/latest)</msg>
<arg>${URL}</arg>
<arg>${Browser}</arg>
<doc>Opens a new browser instance to the optional ``url``.</doc>
<status status="PASS" start="2024-05-07T06:26:50.530370" elapsed="6.404482"/>
</kw>
<kw name="Maximize Browser Window" owner="SeleniumLibrary">
<doc>Maximizes current browser window.</doc>
<status status="PASS" start="2024-05-07T06:26:56.935880" elapsed="0.281779"/>
</kw>
<kw name="Input Text" owner="SeleniumLibrary">
<msg time="2024-05-07T06:26:57.221760" level="INFO">Typing text 'Donald Duck' into text field 'name:TextField_1032367938'.</msg>
<arg>name:TextField_1032367938</arg>
<arg>Donald Duck</arg>
<doc>Types the given ``text`` into the text field identified by ``locator``.</doc>
<status status="PASS" start="2024-05-07T06:26:57.219657" elapsed="0.386441"/>
</kw>
<status status="PASS" start="2024-05-07T06:26:50.530370" elapsed="7.076742"/>
</test>
<status status="PASS" start="2024-05-07T06:26:42.076066" elapsed="15.538797"/>
</suite>
<statistics>
<total>
<stat pass="2" fail="0" skip="0">All Tests</stat>
</total>
<tag>
</tag>
<suite>
<stat pass="2" fail="0" skip="0" id="s1" name="TC 001 Start Close Browser">TC 001 Start Close Browser</stat>
</suite>
</statistics>
<errors>
<msg time="2024-05-07T06:26:43.296359" level="WARN">Problem reading geckodriver versions: error sending request for url (https://raw.githubusercontent.com/SeleniumHQ/selenium/trunk/common/geckodriver/geckodriver-support.json). Using latest geckodriver version</msg>
<msg time="2024-05-07T06:26:43.298363" level="WARN">Exception managing firefox: error sending request for url (https://github.com/mozilla/geckodriver/releases/latest)</msg>
<msg time="2024-05-07T06:26:51.339351" level="WARN">Problem reading geckodriver versions: error sending request for url (https://raw.githubusercontent.com/SeleniumHQ/selenium/trunk/common/geckodriver/geckodriver-support.json). Using latest geckodriver version</msg>
<msg time="2024-05-07T06:26:51.341868" level="WARN">Exception managing firefox: error sending request for url (https://github.com/mozilla/geckodriver/releases/latest)</msg>
</errors>
</robot>
