<?xml version="1.0" encoding="UTF-8"?>
<robot generator="Robot 7.0.1 (Python 3.12.3 on win32)" generated="2025-01-15T15:21:39.456086" rpa="false" schemaversion="5">
<suite id="s1" name="33 06 E2E" source="C:\Users\a315707\OneDrive - Deutsche Telekom AG\Schulungen\Programmierung\Python\PythonLearning\33_Rest_API_Testing\33_06_E2E.robot">
<test id="s1-t1" name="TC_006_End_to_End_TestCase" line="13">
<kw name="Create Session" owner="RequestsLibrary">
<msg time="2025-01-15T15:21:40.590636" level="INFO">Creating Session using : alias=E2E, url=https://thetestingworldapi.com/, headers={},                     cookies={}, auth=None, timeout=None, proxies=None, verify=False,                     debug=0 </msg>
<arg>E2E</arg>
<arg>${base_URL}</arg>
<doc>Create Session: create a HTTP session to a server</doc>
<status status="PASS" start="2025-01-15T15:21:40.590636" elapsed="0.000000"/>
</kw>
<kw name="Create Dictionary" owner="BuiltIn">
<msg time="2025-01-15T15:21:40.591634" level="INFO">&amp;{header} = { Content-Type=application/json }</msg>
<var>&amp;{header}</var>
<arg>Content-Type=application/json</arg>
<doc>Creates and returns a dictionary based on the given ``items``.</doc>
<status status="PASS" start="2025-01-15T15:21:40.591634" elapsed="0.000000"/>
</kw>
<kw name="Create Dictionary" owner="BuiltIn">
<msg time="2025-01-15T15:21:40.591634" level="INFO">&amp;{body} = { first_name=Hello | middle_name=A | last_name=World | date_of_birth=12/12/1985 }</msg>
<var>&amp;{body}</var>
<arg>first_name=${original_first_name}</arg>
<arg>middle_name=A</arg>
<arg>last_name=World</arg>
<arg>date_of_birth=12/12/1985</arg>
<doc>Creates and returns a dictionary based on the given ``items``.</doc>
<status status="PASS" start="2025-01-15T15:21:40.591634" elapsed="0.000000"/>
</kw>
<kw name="POST On Session" owner="RequestsLibrary">
<msg time="2025-01-15T15:21:41.737148" level="INFO">POST Request : url=https://thetestingworldapi.com/api/studentsDetails 
 path_url=/api/studentsDetails 
 headers={'User-Agent': 'python-requests/2.32.3', 'Accept-Encoding': 'gzip, deflate, br, zstd', 'Accept': '*/*', 'Connection': 'keep-alive', 'Content-Type': 'application/json', 'Content-Length': '75'} 
 body=first_name=Hello&amp;middle_name=A&amp;last_name=World&amp;date_of_birth=12%2F12%2F1985 
 </msg>
<msg time="2025-01-15T15:21:41.737148" level="INFO">POST Response : url=https://thetestingworldapi.com/api/studentsDetails 
 status=400, reason=Bad Request 
 headers={'Cache-Control': 'no-cache', 'Pragma': 'no-cache', 'Content-Type': 'application/json; charset=utf-8', 'Expires': '-1', 'Server': 'Microsoft-IIS/10.0', 'X-AspNet-Version': '4.0.30319', 'X-Powered-By': 'ASP.NET', 'X-Powered-By-Plesk': 'PleskWin', 'Date': 'Wed, 15 Jan 2025 14:21:35 GMT', 'Content-Length': '96'} 
 body={"Message":"The request is invalid.","ModelState":{"studentsDetail":["An error has occurred."]}} 
 </msg>
<msg time="2025-01-15T15:21:41.737148" level="INFO">C:\Program Files\Wpy64-31230\python-3.12.3.amd64\Lib\site-packages\urllib3\connectionpool.py:1095: InsecureRequestWarning: Unverified HTTPS request is being made to host '127.0.0.1'. Adding certificate verification is strongly advised. See: https://urllib3.readthedocs.io/en/latest/advanced-usage.html#tls-warnings
  warnings.warn(</msg>
<msg time="2025-01-15T15:21:41.737148" level="FAIL">HTTPError: 400 Client Error: Bad Request for url: https://thetestingworldapi.com/api/studentsDetails</msg>
<var>${post_response}</var>
<arg>E2E</arg>
<arg>api/studentsDetails</arg>
<arg>headers=${header}</arg>
<arg>data=${body}</arg>
<doc>Sends a POST request on a previously created HTTP Session.</doc>
<status status="FAIL" start="2025-01-15T15:21:40.592795" elapsed="1.188105">HTTPError: 400 Client Error: Bad Request for url: https://thetestingworldapi.com/api/studentsDetails</status>
</kw>
<kw name="Log To Console" owner="BuiltIn">
<arg>${post_response.status_code}</arg>
<doc>Logs the given message to the console.</doc>
<status status="NOT RUN" start="2025-01-15T15:21:41.780900" elapsed="0.000000"/>
</kw>
<status status="FAIL" start="2025-01-15T15:21:40.589633" elapsed="1.191267">HTTPError: 400 Client Error: Bad Request for url: https://thetestingworldapi.com/api/studentsDetails</status>
</test>
<status status="FAIL" start="2025-01-15T15:21:39.458731" elapsed="2.323164"/>
</suite>
<statistics>
<total>
<stat pass="0" fail="1" skip="0">All Tests</stat>
</total>
<tag>
</tag>
<suite>
<stat pass="0" fail="1" skip="0" id="s1" name="33 06 E2E">33 06 E2E</stat>
</suite>
</statistics>
<errors>
</errors>
</robot>
