<?xml version="1.0" encoding="UTF-8"?>
<robot generator="Robot 7.0.1 (Python 3.12.3 on win32)" generated="2025-01-13T19:44:44.756238" rpa="false" schemaversion="5">
<suite id="s1" name="33 03 DeleteRequest" source="C:\Users\a315707\OneDrive - Deutsche Telekom AG\Schulungen\Programmierung\Python\PythonLearning\33_Rest_API_Testing\33_03_DeleteRequest.robot">
<test id="s1-t1" name="TC_003 Validate Delete Request" line="11">
<kw name="Create Session" owner="RequestsLibrary">
<msg time="2025-01-13T19:44:46.469270" level="INFO">Creating Session using : alias=AppAccess, url=https://thetestingworldapi.com/, headers={},                     cookies={}, auth=None, timeout=None, proxies=None, verify=False,                     debug=0 </msg>
<arg>AppAccess</arg>
<arg>${base_URL}</arg>
<doc>Create Session: create a HTTP session to a server</doc>
<status status="PASS" start="2025-01-13T19:44:46.468745" elapsed="0.000525"/>
</kw>
<kw name="Delete Request" owner="RequestsLibrary">
<msg time="2025-01-13T19:44:46.469270" level="WARN">Keyword 'RequestsLibrary.Delete Request' is deprecated. Please use `DELETE On Session` instead.</msg>
<msg time="2025-01-13T19:44:55.069529" level="INFO">DELETE Request : url=https://thetestingworldapi.com/api/studentsDetails/28 
 path_url=/api/studentsDetails/28 
 headers={'User-Agent': 'python-requests/2.32.3', 'Accept-Encoding': 'gzip, deflate, br, zstd', 'Accept': '*/*', 'Connection': 'keep-alive', 'Content-Length': '0'} 
 body=None 
 </msg>
<msg time="2025-01-13T19:44:55.070674" level="INFO">DELETE Response : url=https://thetestingworldapi.com/api/studentsDetails/28 
 status=200, reason=OK 
 headers={'Cache-Control': 'no-cache', 'Pragma': 'no-cache', 'Content-Type': 'application/json; charset=utf-8', 'Expires': '-1', 'Server': 'Microsoft-IIS/10.0', 'X-AspNet-Version': '4.0.30319', 'X-Powered-By': 'ASP.NET', 'X-Powered-By-Plesk': 'PleskWin', 'Date': 'Mon, 13 Jan 2025 18:44:51 GMT', 'Content-Length': '43'} 
 body={"status":"false","msg":"record not found"} 
 </msg>
<msg time="2025-01-13T19:44:55.070674" level="INFO">C:\Program Files\Wpy64-31230\python-3.12.3.amd64\Lib\site-packages\urllib3\connectionpool.py:1095: InsecureRequestWarning: Unverified HTTPS request is being made to host '127.0.0.1'. Adding certificate verification is strongly advised. See: https://urllib3.readthedocs.io/en/latest/advanced-usage.html#tls-warnings
  warnings.warn(</msg>
<msg time="2025-01-13T19:44:55.070674" level="INFO">${response} = &lt;Response [200]&gt;</msg>
<var>${response}</var>
<arg>AppAccess</arg>
<arg>api/studentsDetails/28</arg>
<doc>*DEPRECATED* Please use `DELETE On Session` instead.</doc>
<status status="PASS" start="2025-01-13T19:44:46.469270" elapsed="8.601404"/>
</kw>
<kw name="Convert To String" owner="BuiltIn">
<msg time="2025-01-13T19:44:55.071684" level="INFO">${code} = 200</msg>
<var>${code}</var>
<arg>${response.status_code}</arg>
<doc>Converts the given item to a Unicode string.</doc>
<status status="PASS" start="2025-01-13T19:44:55.071684" elapsed="0.000000"/>
</kw>
<kw name="Should Be Equal" owner="BuiltIn">
<arg>${code}</arg>
<arg>200</arg>
<doc>Fails if the given objects are unequal.</doc>
<status status="PASS" start="2025-01-13T19:44:55.072806" elapsed="0.000000"/>
</kw>
<kw name="To Json" owner="RequestsLibrary">
<msg time="2025-01-13T19:44:55.072806" level="WARN">Keyword 'RequestsLibrary.To Json' is deprecated. Please use ${resp.json()} instead. Have a look at the improved HTML output as pretty printing replacement.</msg>
<msg time="2025-01-13T19:44:55.073830" level="INFO">To JSON using : content={"status":"false","msg":"record not found"} </msg>
<msg time="2025-01-13T19:44:55.073830" level="INFO">To JSON using : pretty_print=False </msg>
<msg time="2025-01-13T19:44:55.074933" level="INFO">${jsonresponse} = {'status': 'false', 'msg': 'record not found'}</msg>
<var>${jsonresponse}</var>
<arg>${response.content}</arg>
<doc>*DEPRECATED* Please use ${resp.json()} instead. Have a look at the improved HTML output as pretty printing replacement.</doc>
<status status="PASS" start="2025-01-13T19:44:55.072806" elapsed="0.002127"/>
</kw>
<kw name="Get Value From Json" owner="JSONLibrary">
<msg time="2025-01-13T19:44:55.107806" level="INFO">@{status_list} = [ false ]</msg>
<var>@{status_list}</var>
<arg>${jsonresponse}</arg>
<arg>status</arg>
<doc>Get Value From JSON using JSONPath</doc>
<status status="PASS" start="2025-01-13T19:44:55.074933" elapsed="0.032873"/>
</kw>
<kw name="Get From List" owner="Collections">
<msg time="2025-01-13T19:44:55.107806" level="INFO">${status} = false</msg>
<var>${status}</var>
<arg>${status_list}</arg>
<arg>0</arg>
<doc>Returns the value specified with an ``index`` from ``list``.</doc>
<status status="PASS" start="2025-01-13T19:44:55.107806" elapsed="0.000000"/>
</kw>
<kw name="Should Be Equal" owner="BuiltIn">
<arg>${status}</arg>
<arg>false</arg>
<doc>Fails if the given objects are unequal.</doc>
<status status="PASS" start="2025-01-13T19:44:55.107806" elapsed="0.001509"/>
</kw>
<kw name="Log To Console" owner="BuiltIn">
<arg>${response.status_code}</arg>
<doc>Logs the given message to the console.</doc>
<status status="PASS" start="2025-01-13T19:44:55.109315" elapsed="0.000000"/>
</kw>
<kw name="Log To Console" owner="BuiltIn">
<arg>${response.content}</arg>
<doc>Logs the given message to the console.</doc>
<status status="PASS" start="2025-01-13T19:44:55.110322" elapsed="0.000000"/>
</kw>
<status status="PASS" start="2025-01-13T19:44:46.467240" elapsed="8.643082"/>
</test>
<status status="PASS" start="2025-01-13T19:44:44.759406" elapsed="10.352283"/>
</suite>
<statistics>
<total>
<stat pass="1" fail="0" skip="0">All Tests</stat>
</total>
<tag>
</tag>
<suite>
<stat pass="1" fail="0" skip="0" id="s1" name="33 03 DeleteRequest">33 03 DeleteRequest</stat>
</suite>
</statistics>
<errors>
<msg time="2025-01-13T19:44:46.469270" level="WARN">Keyword 'RequestsLibrary.Delete Request' is deprecated. Please use `DELETE On Session` instead.</msg>
<msg time="2025-01-13T19:44:55.072806" level="WARN">Keyword 'RequestsLibrary.To Json' is deprecated. Please use ${resp.json()} instead. Have a look at the improved HTML output as pretty printing replacement.</msg>
</errors>
</robot>
